[ 2017-02-13T14:39:52+08:00 ] ::1 /xiadan/admin
INFO: [ app_init ] --START--
INFO: Run Behavior\BuildLiteBehavior [ RunTime:0.000040s ]
INFO: [ app_init ] --END-- [ RunTime:0.018397s ]
INFO: [ app_begin ] --START--
INFO: Run Behavior\ReadHtmlCacheBehavior [ RunTime:0.014626s ]
INFO: [ app_begin ] --END-- [ RunTime:0.014763s ]

[ 2017-02-13T14:39:52+08:00 ] ::1 /xiadan/Admin/Login/index.html
INFO: [ app_init ] --START--
INFO: Run Behavior\BuildLiteBehavior [ RunTime:0.000020s ]
INFO: [ app_init ] --END-- [ RunTime:0.000377s ]
INFO: [ app_begin ] --START--
INFO: Run Behavior\ReadHtmlCacheBehavior [ RunTime:0.001305s ]
INFO: [ app_begin ] --END-- [ RunTime:0.001427s ]
INFO: [ view_parse ] --START--
INFO: [ template_filter ] --START--
INFO: Run Behavior\ContentReplaceBehavior [ RunTime:0.021435s ]
INFO: [ template_filter ] --END-- [ RunTime:0.021540s ]
INFO: Run Behavior\ParseTemplateBehavior [ RunTime:0.068446s ]
INFO: [ view_parse ] --END-- [ RunTime:0.068530s ]
INFO: [ view_filter ] --START--
INFO: Run Behavior\WriteHtmlCacheBehavior [ RunTime:0.003804s ]
INFO: [ view_filter ] --END-- [ RunTime:0.003887s ]
INFO: [ app_end ] --START--
INFO: Run Behavior\ShowPageTraceBehavior [ RunTime:0.009024s ]
INFO: [ app_end ] --END-- [ RunTime:0.009117s ]

